# JRE version: Java(TM) SE Runtime Environment (8.0_221-b11) (build 1.8.0_221-b11)
# Java VM: Java HotSpot(TM) 64-Bit Server VM (25.221-b11 mixed mode windows-amd64 compressed oops)
Heap:
 PSYoungGen      total 69120K, used 51625K [0x00000000eb980000, 0x00000000f0380000, 0x0000000100000000)
  eden space 63488K, 73% used [0x00000000eb980000,0x00000000ee6ec298,0x00000000ef780000)
  from space 5632K, 90% used [0x00000000efe00000,0x00000000f02fe438,0x00000000f0380000)
  to   space 6144K, 0% used [0x00000000ef780000,0x00000000ef780000,0x00000000efd80000)
 ParOldGen       total 33792K, used 9977K [0x00000000c2c00000, 0x00000000c4d00000, 0x00000000eb980000)
  object space 33792K, 29% used [0x00000000c2c00000,0x00000000c35be710,0x00000000c4d00000)
 Metaspace       used 23451K, capacity 24495K, committed 24832K, reserved 1073152K
  class space    used 3238K, capacity 3502K, committed 3584K, reserved 1048576K
GC Heap History (10 events):
Event: 6.972 GC heap before
{Heap before GC invocations=5 (full 0):
 PSYoungGen      total 34304K, used 34304K [0x00000000eb980000, 0x00000000edd80000, 0x0000000100000000)
  eden space 31744K, 100% used [0x00000000eb980000,0x00000000ed880000,0x00000000ed880000)
  from space 2560K, 100% used [0x00000000edb00000,0x00000000edd80000,0x00000000edd80000)
  to   space 2560K, 0% used [0x00000000ed880000,0x00000000ed880000,0x00000000edb00000)
 ParOldGen       total 42496K, used 6749K [0x00000000c2c00000, 0x00000000c5580000, 0x00000000eb980000)
  object space 42496K, 15% used [0x00000000c2c00000,0x00000000c32977d0,0x00000000c5580000)
 Metaspace       used 13859K, capacity 14240K, committed 14464K, reserved 1062912K
  class space    used 1777K, capacity 1901K, committed 1920K, reserved 1048576K
Event: 6.979 GC heap after
Heap after GC invocations=5 (full 0):
 PSYoungGen      total 34304K, used 2559K [0x00000000eb980000, 0x00000000f0480000, 0x0000000100000000)
  eden space 31744K, 0% used [0x00000000eb980000,0x00000000eb980000,0x00000000ed880000)
  from space 2560K, 99% used [0x00000000ed880000,0x00000000edafff18,0x00000000edb00000)
  to   space 6656K, 0% used [0x00000000efe00000,0x00000000efe00000,0x00000000f0480000)
 ParOldGen       total 42496K, used 9258K [0x00000000c2c00000, 0x00000000c5580000, 0x00000000eb980000)
  object space 42496K, 21% used [0x00000000c2c00000,0x00000000c350a900,0x00000000c5580000)
 Metaspace       used 13859K, capacity 14240K, committed 14464K, reserved 1062912K
  class space    used 1777K, capacity 1901K, committed 1920K, reserved 1048576K
}
Event: 7.700 GC heap before
{Heap before GC invocations=6 (full 0):
 PSYoungGen      total 34304K, used 34303K [0x00000000eb980000, 0x00000000f0480000, 0x0000000100000000)
  eden space 31744K, 100% used [0x00000000eb980000,0x00000000ed880000,0x00000000ed880000)
  from space 2560K, 99% used [0x00000000ed880000,0x00000000edafff18,0x00000000edb00000)
  to   space 6656K, 0% used [0x00000000efe00000,0x00000000efe00000,0x00000000f0480000)
 ParOldGen       total 42496K, used 9258K [0x00000000c2c00000, 0x00000000c5580000, 0x00000000eb980000)
  object space 42496K, 21% used [0x00000000c2c00000,0x00000000c350a900,0x00000000c5580000)
 Metaspace       used 15282K, capacity 15712K, committed 15872K, reserved 1062912K
  class space    used 2068K, capacity 2218K, committed 2304K, reserved 1048576K
Event: 7.721 GC heap after
Heap after GC invocations=6 (full 0):
 PSYoungGen      total 69120K, used 4332K [0x00000000eb980000, 0x00000000f0380000, 0x0000000100000000)
  eden space 63488K, 0% used [0x00000000eb980000,0x00000000eb980000,0x00000000ef780000)
  from space 5632K, 76% used [0x00000000efe00000,0x00000000f023b000,0x00000000f0380000)
  to   space 6144K, 0% used [0x00000000ef780000,0x00000000ef780000,0x00000000efd80000)
 ParOldGen       total 42496K, used 9266K [0x00000000c2c00000, 0x00000000c5580000, 0x00000000eb980000)
  object space 42496K, 21% used [0x00000000c2c00000,0x00000000c350c900,0x00000000c5580000)
 Metaspace       used 15282K, capacity 15712K, committed 15872K, reserved 1062912K
  class space    used 2068K, capacity 2218K, committed 2304K, reserved 1048576K
}
Event: 10.186 GC heap before
{Heap before GC invocations=7 (full 0):
 PSYoungGen      total 69120K, used 65700K [0x00000000eb980000, 0x00000000f0380000, 0x0000000100000000)
  eden space 63488K, 96% used [0x00000000eb980000,0x00000000ef56e1d8,0x00000000ef780000)
  from space 5632K, 76% used [0x00000000efe00000,0x00000000f023b000,0x00000000f0380000)
  to   space 6144K, 0% used [0x00000000ef780000,0x00000000ef780000,0x00000000efd80000)
 ParOldGen       total 42496K, used 9266K [0x00000000c2c00000, 0x00000000c5580000, 0x00000000eb980000)
  object space 42496K, 21% used [0x00000000c2c00000,0x00000000c350c900,0x00000000c5580000)
 Metaspace       used 20470K, capacity 21146K, committed 21248K, reserved 1067008K
  class space    used 2795K, capacity 3005K, committed 3072K, reserved 1048576K
Event: 10.200 GC heap after
Heap after GC invocations=7 (full 0):
 PSYoungGen      total 69632K, used 6128K [0x00000000eb980000, 0x00000000f0380000, 0x0000000100000000)
  eden space 63488K, 0% used [0x00000000eb980000,0x00000000eb980000,0x00000000ef780000)
  from space 6144K, 99% used [0x00000000ef780000,0x00000000efd7c3a0,0x00000000efd80000)
  to   space 5632K, 0% used [0x00000000efe00000,0x00000000efe00000,0x00000000f0380000)
 ParOldGen       total 42496K, used 12308K [0x00000000c2c00000, 0x00000000c5580000, 0x00000000eb980000)
  object space 42496K, 28% used [0x00000000c2c00000,0x00000000c38051f8,0x00000000c5580000)
 Metaspace       used 20470K, capacity 21146K, committed 21248K, reserved 1067008K
  class space    used 2795K, capacity 3005K, committed 3072K, reserved 1048576K
}
Event: 10.200 GC heap before
{Heap before GC invocations=8 (full 1):
 PSYoungGen      total 69632K, used 6128K [0x00000000eb980000, 0x00000000f0380000, 0x0000000100000000)
  eden space 63488K, 0% used [0x00000000eb980000,0x00000000eb980000,0x00000000ef780000)
  from space 6144K, 99% used [0x00000000ef780000,0x00000000efd7c3a0,0x00000000efd80000)
  to   space 5632K, 0% used [0x00000000efe00000,0x00000000efe00000,0x00000000f0380000)
 ParOldGen       total 42496K, used 12308K [0x00000000c2c00000, 0x00000000c5580000, 0x00000000eb980000)
  object space 42496K, 28% used [0x00000000c2c00000,0x00000000c38051f8,0x00000000c5580000)
 Metaspace       used 20470K, capacity 21146K, committed 21248K, reserved 1067008K
  class space    used 2795K, capacity 3005K, committed 3072K, reserved 1048576K
Event: 10.247 GC heap after
Heap after GC invocations=8 (full 1):
 PSYoungGen      total 69632K, used 0K [0x00000000eb980000, 0x00000000f0380000, 0x0000000100000000)
  eden space 63488K, 0% used [0x00000000eb980000,0x00000000eb980000,0x00000000ef780000)
  from space 6144K, 0% used [0x00000000ef780000,0x00000000ef780000,0x00000000efd80000)
  to   space 5632K, 0% used [0x00000000efe00000,0x00000000efe00000,0x00000000f0380000)
 ParOldGen       total 33792K, used 9969K [0x00000000c2c00000, 0x00000000c4d00000, 0x00000000eb980000)
  object space 33792K, 29% used [0x00000000c2c00000,0x00000000c35bc710,0x00000000c4d00000)
 Metaspace       used 20470K, capacity 21146K, committed 21248K, reserved 1067008K
  class space    used 2795K, capacity 3005K, committed 3072K, reserved 1048576K
}
Event: 15.272 GC heap before
{Heap before GC invocations=9 (full 1):
 PSYoungGen      total 69632K, used 63488K [0x00000000eb980000, 0x00000000f0380000, 0x0000000100000000)
  eden space 63488K, 100% used [0x00000000eb980000,0x00000000ef780000,0x00000000ef780000)
  from space 6144K, 0% used [0x00000000ef780000,0x00000000ef780000,0x00000000efd80000)
  to   space 5632K, 0% used [0x00000000efe00000,0x00000000efe00000,0x00000000f0380000)
 ParOldGen       total 33792K, used 9969K [0x00000000c2c00000, 0x00000000c4d00000, 0x00000000eb980000)
  object space 33792K, 29% used [0x00000000c2c00000,0x00000000c35bc710,0x00000000c4d00000)
 Metaspace       used 23092K, capacity 24113K, committed 24448K, reserved 1073152K
  class space    used 3178K, capacity 3427K, committed 3456K, reserved 1048576K
Event: 15.300 GC heap after
Heap after GC invocations=9 (full 1):
 PSYoungGen      total 69120K, used 5113K [0x00000000eb980000, 0x00000000f0380000, 0x0000000100000000)
  eden space 63488K, 0% used [0x00000000eb980000,0x00000000eb980000,0x00000000ef780000)
  from space 5632K, 90% used [0x00000000efe00000,0x00000000f02fe438,0x00000000f0380000)
  to   space 6144K, 0% used [0x00000000ef780000,0x00000000ef780000,0x00000000efd80000)
 ParOldGen       total 33792K, used 9977K [0x00000000c2c00000, 0x00000000c4d00000, 0x00000000eb980000)
  object space 33792K, 29% used [0x00000000c2c00000,0x00000000c35be710,0x00000000c4d00000)
 Metaspace       used 23092K, capacity 24113K, committed 24448K, reserved 1073152K
  class space    used 3178K, capacity 3427K, committed 3456K, reserved 1048576K
}

